==============================================================START===============================================================
[Mon Jul  3 12:13:29 2023] setup_logging was executed successfully in 0.000309s.
[Mon Jul  3 12:13:29 2023] setup was executed successfully in 0.000596s.
[Mon Jul  3 12:13:29 2023] __init__ was executed successfully in 0.000003s.
[Mon Jul  3 12:13:29 2023] get_current_date was executed successfully in 0.000549s.
[Mon Jul  3 12:13:30 2023] _get_json_response_from_api was executed successfully in 1.167731s.
[Mon Jul  3 12:13:30 2023] __determine_active_record was executed successfully in 0.000014s.
[Mon Jul  3 12:13:30 2023] __extract_dishes_from_menu_items was executed successfully in 0.000004s.
[Mon Jul  3 12:13:30 2023] __determine_active_record was executed successfully in 0.000006s.
[Mon Jul  3 12:13:30 2023] __extract_dishes_from_menu_items was executed successfully in 0.000002s.
[Mon Jul  3 12:13:30 2023] __determine_active_record was executed successfully in 0.000005s.
[Mon Jul  3 12:13:30 2023] __extract_dishes_from_menu_items was executed successfully in 0.000001s.
[Mon Jul  3 12:13:30 2023] __determine_active_record was executed successfully in 0.000004s.
[Mon Jul  3 12:13:30 2023] __extract_dishes_from_menu_items was executed successfully in 0.000002s.
[Mon Jul  3 12:13:30 2023] __determine_active_record was executed successfully in 0.000004s.
[Mon Jul  3 12:13:30 2023] __extract_dishes_from_menu_items was executed successfully in 0.000002s.
[Mon Jul  3 12:13:30 2023] __determine_active_record was executed successfully in 0.000004s.
[Mon Jul  3 12:13:30 2023] __extract_dishes_from_menu_items was executed successfully in 0.000001s.
[Mon Jul  3 12:13:30 2023] __process_days_of_food_intake was executed successfully in 0.000812s.
[Mon Jul  3 12:13:31 2023] _get_json_response_from_api was executed successfully in 0.735622s.
[Mon Jul  3 12:13:31 2023] __determine_active_record was executed successfully in 0.000001s.
[Mon Jul  3 12:13:31 2023] __extract_dishes_from_menu_items was executed successfully in 0.000001s.
[Mon Jul  3 12:13:31 2023] __determine_active_record was executed successfully in 0.000001s.
[Mon Jul  3 12:13:31 2023] __extract_dishes_from_menu_items was executed successfully in 0.000001s.
[Mon Jul  3 12:13:31 2023] __determine_active_record was executed successfully in 0.000001s.
[Mon Jul  3 12:13:31 2023] __extract_dishes_from_menu_items was executed successfully in 0.000001s.
[Mon Jul  3 12:13:31 2023] __determine_active_record was executed successfully in 0.000001s.
[Mon Jul  3 12:13:31 2023] __extract_dishes_from_menu_items was executed successfully in 0.000000s.
[Mon Jul  3 12:13:31 2023] __determine_active_record was executed successfully in 0.000001s.
[Mon Jul  3 12:13:31 2023] __extract_dishes_from_menu_items was executed successfully in 0.000000s.
[Mon Jul  3 12:13:31 2023] __determine_active_record was executed successfully in 0.000001s.
[Mon Jul  3 12:13:31 2023] __extract_dishes_from_menu_items was executed successfully in 0.000001s.
[Mon Jul  3 12:13:31 2023] __process_days_of_food_intake was executed successfully in 0.000341s.
[Mon Jul  3 12:13:32 2023] _get_json_response_from_api was executed successfully in 0.760116s.
[Mon Jul  3 12:13:32 2023] __determine_active_record was executed successfully in 0.000007s.
[Mon Jul  3 12:13:32 2023] __extract_dishes_from_menu_items was executed successfully in 0.000003s.
[Mon Jul  3 12:13:32 2023] __determine_active_record was executed successfully in 0.000003s.
[Mon Jul  3 12:13:32 2023] __extract_dishes_from_menu_items was executed successfully in 0.000002s.
[Mon Jul  3 12:13:32 2023] __determine_active_record was executed successfully in 0.000002s.
[Mon Jul  3 12:13:32 2023] __extract_dishes_from_menu_items was executed successfully in 0.000002s.
[Mon Jul  3 12:13:32 2023] __determine_active_record was executed successfully in 0.000002s.
[Mon Jul  3 12:13:32 2023] __extract_dishes_from_menu_items was executed successfully in 0.000002s.
[Mon Jul  3 12:13:32 2023] __determine_active_record was executed successfully in 0.000002s.
[Mon Jul  3 12:13:32 2023] __extract_dishes_from_menu_items was executed successfully in 0.000002s.
[Mon Jul  3 12:13:32 2023] __determine_active_record was executed successfully in 0.000003s.
[Mon Jul  3 12:13:32 2023] __extract_dishes_from_menu_items was executed successfully in 0.000002s.
[Mon Jul  3 12:13:32 2023] __process_days_of_food_intake was executed successfully in 0.000842s.
[Mon Jul  3 12:13:32 2023] parse_data was executed successfully in 2.667240s.
[Mon Jul  3 12:13:32 2023] get_next_week_date was executed successfully in 0.000114s.
[Mon Jul  3 12:13:32 2023] _get_json_response_from_api was executed successfully in 0.749751s.
[Mon Jul  3 12:13:32 2023] __determine_active_record was executed successfully in 0.000010s.
[Mon Jul  3 12:13:32 2023] __extract_dishes_from_menu_items was executed successfully in 0.000003s.
[Mon Jul  3 12:13:32 2023] __determine_active_record was executed successfully in 0.000006s.
[Mon Jul  3 12:13:32 2023] __extract_dishes_from_menu_items was executed successfully in 0.000001s.
[Mon Jul  3 12:13:32 2023] __determine_active_record was executed successfully in 0.000004s.
[Mon Jul  3 12:13:32 2023] __extract_dishes_from_menu_items was executed successfully in 0.000002s.
[Mon Jul  3 12:13:32 2023] __determine_active_record was executed successfully in 0.000004s.
[Mon Jul  3 12:13:32 2023] __extract_dishes_from_menu_items was executed successfully in 0.000002s.
[Mon Jul  3 12:13:32 2023] __determine_active_record was executed successfully in 0.000004s.
[Mon Jul  3 12:13:32 2023] __extract_dishes_from_menu_items was executed successfully in 0.000001s.
[Mon Jul  3 12:13:32 2023] __determine_active_record was executed successfully in 0.000004s.
[Mon Jul  3 12:13:32 2023] __extract_dishes_from_menu_items was executed successfully in 0.000001s.
[Mon Jul  3 12:13:32 2023] __process_days_of_food_intake was executed successfully in 0.000623s.
[Mon Jul  3 12:13:33 2023] _get_json_response_from_api was executed successfully in 0.761852s.
[Mon Jul  3 12:13:33 2023] __determine_active_record was executed successfully in 0.000007s.
[Mon Jul  3 12:13:33 2023] __extract_dishes_from_menu_items was executed successfully in 0.000003s.
[Mon Jul  3 12:13:33 2023] __determine_active_record was executed successfully in 0.000004s.
[Mon Jul  3 12:13:33 2023] __extract_dishes_from_menu_items was executed successfully in 0.000002s.
[Mon Jul  3 12:13:33 2023] __determine_active_record was executed successfully in 0.000003s.
[Mon Jul  3 12:13:33 2023] __extract_dishes_from_menu_items was executed successfully in 0.000001s.
[Mon Jul  3 12:13:33 2023] __determine_active_record was executed successfully in 0.000003s.
[Mon Jul  3 12:13:33 2023] __extract_dishes_from_menu_items was executed successfully in 0.000002s.
[Mon Jul  3 12:13:33 2023] __determine_active_record was executed successfully in 0.000004s.
[Mon Jul  3 12:13:33 2023] __extract_dishes_from_menu_items was executed successfully in 0.000001s.
[Mon Jul  3 12:13:33 2023] __determine_active_record was executed successfully in 0.000003s.
[Mon Jul  3 12:13:33 2023] __extract_dishes_from_menu_items was executed successfully in 0.000002s.
[Mon Jul  3 12:13:33 2023] __process_days_of_food_intake was executed successfully in 0.000722s.
[Mon Jul  3 12:13:34 2023] _get_json_response_from_api was executed successfully in 0.942137s.
[Mon Jul  3 12:13:34 2023] __determine_active_record was executed successfully in 0.000007s.
[Mon Jul  3 12:13:34 2023] __extract_dishes_from_menu_items was executed successfully in 0.000002s.
[Mon Jul  3 12:13:34 2023] __determine_active_record was executed successfully in 0.000004s.
[Mon Jul  3 12:13:34 2023] __extract_dishes_from_menu_items was executed successfully in 0.000002s.
[Mon Jul  3 12:13:34 2023] __determine_active_record was executed successfully in 0.000003s.
[Mon Jul  3 12:13:34 2023] __extract_dishes_from_menu_items was executed successfully in 0.000001s.
[Mon Jul  3 12:13:34 2023] __determine_active_record was executed successfully in 0.000003s.
[Mon Jul  3 12:13:34 2023] __extract_dishes_from_menu_items was executed successfully in 0.000002s.
[Mon Jul  3 12:13:34 2023] __determine_active_record was executed successfully in 0.000004s.
[Mon Jul  3 12:13:34 2023] __extract_dishes_from_menu_items was executed successfully in 0.000002s.
[Mon Jul  3 12:13:34 2023] __determine_active_record was executed successfully in 0.000003s.
[Mon Jul  3 12:13:34 2023] __extract_dishes_from_menu_items was executed successfully in 0.000002s.
[Mon Jul  3 12:13:34 2023] __process_days_of_food_intake was executed successfully in 0.000765s.
[Mon Jul  3 12:13:34 2023] parse_data was executed successfully in 2.457083s.
[Mon Jul  3 12:13:34 2023] get_next_week_date was executed successfully in 0.000100s.
[Mon Jul  3 12:13:36 2023] _get_json_response_from_api was executed successfully in 1.532407s.
[Mon Jul  3 12:13:36 2023] __determine_active_record was executed successfully in 0.000015s.
[Mon Jul  3 12:13:36 2023] __extract_dishes_from_menu_items was executed successfully in 0.000005s.
[Mon Jul  3 12:13:36 2023] __determine_active_record was executed successfully in 0.000007s.
[Mon Jul  3 12:13:36 2023] __extract_dishes_from_menu_items was executed successfully in 0.000002s.
[Mon Jul  3 12:13:36 2023] __determine_active_record was executed successfully in 0.000006s.
[Mon Jul  3 12:13:36 2023] __extract_dishes_from_menu_items was executed successfully in 0.000002s.
[Mon Jul  3 12:13:36 2023] __determine_active_record was executed successfully in 0.000005s.
[Mon Jul  3 12:13:36 2023] __extract_dishes_from_menu_items was executed successfully in 0.000001s.
[Mon Jul  3 12:13:36 2023] __determine_active_record was executed successfully in 0.000006s.
[Mon Jul  3 12:13:36 2023] __extract_dishes_from_menu_items was executed successfully in 0.000001s.
[Mon Jul  3 12:13:36 2023] __determine_active_record was executed successfully in 0.000006s.
[Mon Jul  3 12:13:36 2023] __extract_dishes_from_menu_items was executed successfully in 0.000002s.
[Mon Jul  3 12:13:36 2023] __process_days_of_food_intake was executed successfully in 0.000718s.
[Mon Jul  3 12:13:37 2023] _get_json_response_from_api was executed successfully in 0.921586s.
[Mon Jul  3 12:13:37 2023] __determine_active_record was executed successfully in 0.000007s.
[Mon Jul  3 12:13:37 2023] __extract_dishes_from_menu_items was executed successfully in 0.000003s.
[Mon Jul  3 12:13:37 2023] __determine_active_record was executed successfully in 0.000004s.
[Mon Jul  3 12:13:37 2023] __extract_dishes_from_menu_items was executed successfully in 0.000002s.
[Mon Jul  3 12:13:37 2023] __determine_active_record was executed successfully in 0.000004s.
[Mon Jul  3 12:13:37 2023] __extract_dishes_from_menu_items was executed successfully in 0.000002s.
[Mon Jul  3 12:13:37 2023] __determine_active_record was executed successfully in 0.000004s.
[Mon Jul  3 12:13:37 2023] __extract_dishes_from_menu_items was executed successfully in 0.000002s.
[Mon Jul  3 12:13:37 2023] __determine_active_record was executed successfully in 0.000004s.
[Mon Jul  3 12:13:37 2023] __extract_dishes_from_menu_items was executed successfully in 0.000001s.
[Mon Jul  3 12:13:37 2023] __determine_active_record was executed successfully in 0.000005s.
[Mon Jul  3 12:13:37 2023] __extract_dishes_from_menu_items was executed successfully in 0.000002s.
[Mon Jul  3 12:13:37 2023] __process_days_of_food_intake was executed successfully in 0.000696s.
[Mon Jul  3 12:13:37 2023] _get_json_response_from_api was executed successfully in 0.850543s.
[Mon Jul  3 12:13:37 2023] __determine_active_record was executed successfully in 0.000009s.
[Mon Jul  3 12:13:37 2023] __extract_dishes_from_menu_items was executed successfully in 0.000003s.
[Mon Jul  3 12:13:37 2023] __determine_active_record was executed successfully in 0.000004s.
[Mon Jul  3 12:13:37 2023] __extract_dishes_from_menu_items was executed successfully in 0.000002s.
[Mon Jul  3 12:13:37 2023] __determine_active_record was executed successfully in 0.000004s.
[Mon Jul  3 12:13:37 2023] __extract_dishes_from_menu_items was executed successfully in 0.000002s.
[Mon Jul  3 12:13:37 2023] __determine_active_record was executed successfully in 0.000005s.
[Mon Jul  3 12:13:37 2023] __extract_dishes_from_menu_items was executed successfully in 0.000002s.
[Mon Jul  3 12:13:37 2023] __determine_active_record was executed successfully in 0.000004s.
[Mon Jul  3 12:13:37 2023] __extract_dishes_from_menu_items was executed successfully in 0.000002s.
[Mon Jul  3 12:13:37 2023] __determine_active_record was executed successfully in 0.000004s.
[Mon Jul  3 12:13:37 2023] __extract_dishes_from_menu_items was executed successfully in 0.000002s.
[Mon Jul  3 12:13:37 2023] __process_days_of_food_intake was executed successfully in 0.000737s.
[Mon Jul  3 12:13:37 2023] parse_data was executed successfully in 3.307974s.
[Mon Jul  3 12:13:37 2023] get_next_week_date was executed successfully in 0.000105s.
[Mon Jul  3 12:13:38 2023] _get_json_response_from_api was executed successfully in 0.787132s.
[Mon Jul  3 12:13:38 2023] __determine_active_record was executed successfully in 0.000016s.
[Mon Jul  3 12:13:38 2023] __extract_dishes_from_menu_items was executed successfully in 0.000003s.
[Mon Jul  3 12:13:38 2023] __determine_active_record was executed successfully in 0.000008s.
[Mon Jul  3 12:13:38 2023] __extract_dishes_from_menu_items was executed successfully in 0.000002s.
[Mon Jul  3 12:13:38 2023] __determine_active_record was executed successfully in 0.000006s.
[Mon Jul  3 12:13:38 2023] __extract_dishes_from_menu_items was executed successfully in 0.000002s.
[Mon Jul  3 12:13:38 2023] __determine_active_record was executed successfully in 0.000007s.
[Mon Jul  3 12:13:38 2023] __extract_dishes_from_menu_items was executed successfully in 0.000001s.
[Mon Jul  3 12:13:38 2023] __determine_active_record was executed successfully in 0.000006s.
[Mon Jul  3 12:13:38 2023] __extract_dishes_from_menu_items was executed successfully in 0.000002s.
[Mon Jul  3 12:13:38 2023] __determine_active_record was executed successfully in 0.000007s.
[Mon Jul  3 12:13:38 2023] __extract_dishes_from_menu_items was executed successfully in 0.000002s.
[Mon Jul  3 12:13:38 2023] __process_days_of_food_intake was executed successfully in 0.000726s.
[Mon Jul  3 12:13:39 2023] _get_json_response_from_api was executed successfully in 1.021541s.
[Mon Jul  3 12:13:39 2023] __determine_active_record was executed successfully in 0.000009s.
[Mon Jul  3 12:13:39 2023] __extract_dishes_from_menu_items was executed successfully in 0.000004s.
[Mon Jul  3 12:13:39 2023] __determine_active_record was executed successfully in 0.000006s.
[Mon Jul  3 12:13:39 2023] __extract_dishes_from_menu_items was executed successfully in 0.000002s.
[Mon Jul  3 12:13:39 2023] __determine_active_record was executed successfully in 0.000006s.
[Mon Jul  3 12:13:39 2023] __extract_dishes_from_menu_items was executed successfully in 0.000002s.
[Mon Jul  3 12:13:39 2023] __determine_active_record was executed successfully in 0.000006s.
[Mon Jul  3 12:13:39 2023] __extract_dishes_from_menu_items was executed successfully in 0.000003s.
[Mon Jul  3 12:13:39 2023] __determine_active_record was executed successfully in 0.000007s.
[Mon Jul  3 12:13:39 2023] __extract_dishes_from_menu_items was executed successfully in 0.000002s.
[Mon Jul  3 12:13:39 2023] __determine_active_record was executed successfully in 0.000006s.
[Mon Jul  3 12:13:39 2023] __extract_dishes_from_menu_items was executed successfully in 0.000003s.
[Mon Jul  3 12:13:39 2023] __process_days_of_food_intake was executed successfully in 0.000847s.
[Mon Jul  3 12:13:40 2023] _get_json_response_from_api was executed successfully in 0.917658s.
[Mon Jul  3 12:13:40 2023] __determine_active_record was executed successfully in 0.000008s.
[Mon Jul  3 12:13:40 2023] __extract_dishes_from_menu_items was executed successfully in 0.000003s.
[Mon Jul  3 12:13:40 2023] __determine_active_record was executed successfully in 0.000005s.
[Mon Jul  3 12:13:40 2023] __extract_dishes_from_menu_items was executed successfully in 0.000002s.
[Mon Jul  3 12:13:40 2023] __determine_active_record was executed successfully in 0.000004s.
[Mon Jul  3 12:13:40 2023] __extract_dishes_from_menu_items was executed successfully in 0.000001s.
[Mon Jul  3 12:13:40 2023] __determine_active_record was executed successfully in 0.000005s.
[Mon Jul  3 12:13:40 2023] __extract_dishes_from_menu_items was executed successfully in 0.000002s.
[Mon Jul  3 12:13:40 2023] __determine_active_record was executed successfully in 0.000005s.
[Mon Jul  3 12:13:40 2023] __extract_dishes_from_menu_items was executed successfully in 0.000001s.
[Mon Jul  3 12:13:40 2023] __determine_active_record was executed successfully in 0.000005s.
[Mon Jul  3 12:13:40 2023] __extract_dishes_from_menu_items was executed successfully in 0.000001s.
[Mon Jul  3 12:13:40 2023] __process_days_of_food_intake was executed successfully in 0.000714s.
[Mon Jul  3 12:13:40 2023] parse_data was executed successfully in 2.729680s.
[Mon Jul  3 12:13:40 2023] get_data was executed successfully in 0.000002s.
[Mon Jul  3 12:13:40 2023] __init__ was executed successfully in 0.000004s.
[Mon Jul  3 12:13:40 2023] _connect was executed successfully in 0.003392s.
[Mon Jul  3 12:13:40 2023] __enter__ was executed successfully in 0.003446s.
[Mon Jul  3 12:13:40 2023] _clear_food_menu was executed successfully in 0.004716s.
[Mon Jul  3 12:13:40 2023] _execute_data_writing was executed successfully in 0.000421s.
[Mon Jul  3 12:13:40 2023] execute_food_menu_data_writing was executed successfully in 0.005288s.
[Mon Jul  3 12:13:40 2023] _commit_and_close_connection was executed successfully in 0.000432s.
[Mon Jul  3 12:13:40 2023] __exit__ was executed successfully in 0.000481s.
[Mon Jul  3 12:13:40 2023] update was executed successfully in 11.173212s.
===============================================================END================================================================
